[ 80983.379] 
X.Org X Server 1.10.6
Release Date: 2012-02-10
[ 80983.379] X Protocol Version 11, Revision 0
[ 80983.380] Build Operating System: sl6 2.6.32-220.13.1.el6.x86_64 
[ 80983.380] Current Operating System: Linux akagi 2.6.34.13 #1 SMP Sat Sep 8 22:21:50 JST 2012 x86_64
[ 80983.380] Kernel command line: ro root=UUID=62790101-b758-48a1-8e5a-804724f52d03 rd_MD_UUID=87e89f9b:c972bace:06e59257:9ac37b5a rd_MD_UUID=6855c6eb:21776911:f811fb26:5a41d52d rd_LVM_LV=vg_mutsu/LogVolSwap rd_NO_LUKS rd_NO_DM LANG=en_US.UTF-8 SYSFONT=latarcyrheb-sun16 KEYBOARDTYPE=pc KEYTABLE=us nomodeset crashkernel=128M
[ 80983.381] Build Date: 20 June 2012  01:28:56PM
[ 80983.381] Build ID: xorg-x11-server 1.10.6-1.sl6 
[ 80983.381] Current version of pixman: 0.18.4
[ 80983.382] 	Before reporting problems, check https://www.scientificlinux.org/maillists
	to make sure that you have the latest version.
[ 80983.382] Markers: (--) probed, (**) from config file, (==) default setting,
	(++) from command line, (!!) notice, (II) informational,
	(WW) warning, (EE) error, (NI) not implemented, (??) unknown.
[ 80983.383] (==) Log file: "/var/log/Xorg.0.log", Time: Mon Sep 10 18:43:17 2012
[ 80983.383] (==) Using config file: "/etc/X11/xorg.conf"
[ 80983.383] (==) ServerLayout "Layout0"
[ 80983.383] (**) |-->Screen "VScreen" (0)
[ 80983.383] (**) |   |-->Monitor "Monitor2"
[ 80983.383] (**) |   |-->Device "Device0"
[ 80983.383] (**) |-->Input Device "Keyboard0"
[ 80983.383] (**) |-->Input Device "Mouse0"
[ 80983.383] (**) Option "DontZoom" "true"
[ 80983.383] (**) Option "Xinerama" "false"
[ 80983.383] (==) Automatically adding devices
[ 80983.383] (==) Automatically enabling devices
[ 80983.384] (**) FontPath set to:
	/usr/share/fonts/default/Type1,
	catalogue:/etc/X11/fontpath.d,
	built-ins
[ 80983.384] (==) ModulePath set to "/usr/lib64/xorg/modules"
[ 80983.384] (**) Extension "Composite" is disabled
[ 80983.384] (WW) Hotplugging is on, devices using drivers 'kbd', 'mouse' or 'vmmouse' will be disabled.
[ 80983.384] (WW) Disabling Keyboard0
[ 80983.384] (WW) Disabling Mouse0
[ 80983.384] (II) Loader magic: 0x7d6d80
[ 80983.384] (II) Module ABI versions:
[ 80983.384] 	X.Org ANSI C Emulation: 0.4
[ 80983.384] 	X.Org Video Driver: 10.0
[ 80983.384] 	X.Org XInput driver : 12.2
[ 80983.384] 	X.Org Server Extension : 5.0
[ 80983.385] (--) PCI:*(0:2:0:0) 10de:0392:107d:2a52 rev 161, Mem @ 0xc3000000/16777216, 0xd0000000/268435456, 0xc2000000/16777216, I/O @ 0x00003000/128, BIOS @ 0x????????/131072
[ 80983.385] (--) PCI: (0:3:0:0) 10de:0392:1462:0415 rev 161, Mem @ 0xc1000000/16777216, 0xe0000000/268435456, 0xc0000000/16777216, I/O @ 0x00002000/128, BIOS @ 0x????????/65536
[ 80983.385] (II) LoadModule: "extmod"
[ 80983.385] (II) Loading /usr/lib64/xorg/modules/extensions/libextmod.so
[ 80983.386] (II) Module extmod: vendor="X.Org Foundation"
[ 80983.386] 	compiled for 1.10.6, module version = 1.0.0
[ 80983.386] 	Module class: X.Org Server Extension
[ 80983.386] 	ABI class: X.Org Server Extension, version 5.0
[ 80983.386] (II) Loading extension SELinux
[ 80983.386] (II) Loading extension MIT-SCREEN-SAVER
[ 80983.386] (II) Loading extension XFree86-VidModeExtension
[ 80983.386] (II) Loading extension XFree86-DGA
[ 80983.386] (II) Loading extension DPMS
[ 80983.386] (II) Loading extension XVideo
[ 80983.386] (II) Loading extension XVideo-MotionCompensation
[ 80983.386] (II) Loading extension X-Resource
[ 80983.386] (II) LoadModule: "dbe"
[ 80983.386] (II) Loading /usr/lib64/xorg/modules/extensions/libdbe.so
[ 80983.386] (II) Module dbe: vendor="X.Org Foundation"
[ 80983.386] 	compiled for 1.10.6, module version = 1.0.0
[ 80983.386] 	Module class: X.Org Server Extension
[ 80983.386] 	ABI class: X.Org Server Extension, version 5.0
[ 80983.386] (II) Loading extension DOUBLE-BUFFER
[ 80983.386] (II) LoadModule: "glx"
[ 80983.386] (II) Loading /usr/lib64/xorg/modules/extensions/libglx.so
[ 80983.394] (II) Module glx: vendor="NVIDIA Corporation"
[ 80983.394] 	compiled for 4.0.2, module version = 1.0.0
[ 80983.394] 	Module class: X.Org Server Extension
[ 80983.394] (II) NVIDIA GLX Module  304.43  Sun Aug 19 20:34:01 PDT 2012
[ 80983.394] (II) Loading extension GLX
[ 80983.394] (II) LoadModule: "record"
[ 80983.394] (II) Loading /usr/lib64/xorg/modules/extensions/librecord.so
[ 80983.394] (II) Module record: vendor="X.Org Foundation"
[ 80983.394] 	compiled for 1.10.6, module version = 1.13.0
[ 80983.394] 	Module class: X.Org Server Extension
[ 80983.394] 	ABI class: X.Org Server Extension, version 5.0
[ 80983.394] (II) Loading extension RECORD
[ 80983.394] (II) LoadModule: "dri"
[ 80983.394] (II) Loading /usr/lib64/xorg/modules/extensions/libdri.so
[ 80983.394] (II) Module dri: vendor="X.Org Foundation"
[ 80983.394] 	compiled for 1.10.6, module version = 1.0.0
[ 80983.394] 	ABI class: X.Org Server Extension, version 5.0
[ 80983.395] (II) Loading extension XFree86-DRI
[ 80983.395] (II) LoadModule: "dri2"
[ 80983.395] (II) Loading /usr/lib64/xorg/modules/extensions/libdri2.so
[ 80983.395] (II) Module dri2: vendor="X.Org Foundation"
[ 80983.395] 	compiled for 1.10.6, module version = 1.2.0
[ 80983.395] 	ABI class: X.Org Server Extension, version 5.0
[ 80983.395] (II) Loading extension DRI2
[ 80983.395] (II) LoadModule: "nvidia"
[ 80983.395] (II) Loading /usr/lib64/xorg/modules/drivers/nvidia_drv.so
[ 80983.395] (II) Module nvidia: vendor="NVIDIA Corporation"
[ 80983.395] 	compiled for 4.0.2, module version = 1.0.0
[ 80983.395] 	Module class: X.Org Video Driver
[ 80983.395] (II) NVIDIA dlloader X Driver  304.43  Sun Aug 19 20:15:32 PDT 2012
[ 80983.395] (II) NVIDIA Unified Driver for all Supported NVIDIA GPUs
[ 80983.396] (--) using VT number 7

[ 80983.398] (II) Loading sub module "fb"
[ 80983.398] (II) LoadModule: "fb"
[ 80983.398] (II) Loading /usr/lib64/xorg/modules/libfb.so
[ 80983.398] (II) Module fb: vendor="X.Org Foundation"
[ 80983.398] 	compiled for 1.10.6, module version = 1.0.0
[ 80983.398] 	ABI class: X.Org ANSI C Emulation, version 0.4
[ 80983.398] (II) Loading sub module "wfb"
[ 80983.398] (II) LoadModule: "wfb"
[ 80983.398] (II) Loading /usr/lib64/xorg/modules/libwfb.so
[ 80983.398] (II) Module wfb: vendor="X.Org Foundation"
[ 80983.398] 	compiled for 1.10.6, module version = 1.0.0
[ 80983.398] 	ABI class: X.Org ANSI C Emulation, version 0.4
[ 80983.398] (II) Loading sub module "ramdac"
[ 80983.398] (II) LoadModule: "ramdac"
[ 80983.398] (II) Module "ramdac" already built-in
[ 80983.398] (II) Loading /usr/lib64/xorg/modules/drivers/nvidia_drv.so
[ 80983.398] (II) Loading /usr/lib64/xorg/modules/libwfb.so
[ 80983.398] (II) Loading /usr/lib64/xorg/modules/libfb.so
[ 80983.398] (**) NVIDIA(0): Depth 24, (--) framebuffer bpp 32
[ 80983.398] (==) NVIDIA(0): RGB weight 888
[ 80983.398] (==) NVIDIA(0): Default visual is TrueColor
[ 80983.398] (==) NVIDIA(0): Using gamma correction (1.0, 1.0, 1.0)
[ 80983.398] (**) NVIDIA(0): Enabling 2D acceleration
[ 80984.433] (II) NVIDIA(GPU-0): Display (BenQ G2220HD (DFP-0)) does not support NVIDIA 3D
[ 80984.433] (II) NVIDIA(GPU-0):     Vision stereo.
[ 80984.500] (II) NVIDIA(GPU-0): Display (BenQ G2220HD (DFP-1)) does not support NVIDIA 3D
[ 80984.500] (II) NVIDIA(GPU-0):     Vision stereo.
[ 80984.502] (II) NVIDIA(0): NVIDIA GPU GeForce 7600 GS (G73) at PCI:2:0:0 (GPU-0)
[ 80984.502] (--) NVIDIA(0): Memory: 262144 kBytes
[ 80984.502] (--) NVIDIA(0): VideoBIOS: 05.73.22.33.68
[ 80984.502] (II) NVIDIA(0): Detected PCI Express Link width: 16X
[ 80984.502] (--) NVIDIA(0): Interlaced video modes are supported on this GPU
[ 80984.502] (--) NVIDIA(0): Valid display device(s) on GeForce 7600 GS at PCI:2:0:0
[ 80984.502] (--) NVIDIA(0):     CRT-0
[ 80984.502] (--) NVIDIA(0):     CRT-1
[ 80984.502] (--) NVIDIA(0):     TV-0
[ 80984.502] (--) NVIDIA(0):     BenQ G2220HD (DFP-0) (connected)
[ 80984.502] (--) NVIDIA(0):     BenQ G2220HD (DFP-1) (connected)
[ 80984.502] (--) NVIDIA(0): CRT-0: 400.0 MHz maximum pixel clock
[ 80984.502] (--) NVIDIA(0): CRT-1: 400.0 MHz maximum pixel clock
[ 80984.502] (--) NVIDIA(0): TV-0: 400.0 MHz maximum pixel clock
[ 80984.502] (--) NVIDIA(0): TV encoder: (null)
[ 80984.502] (--) NVIDIA(0): BenQ G2220HD (DFP-0): 330.0 MHz maximum pixel clock
[ 80984.502] (--) NVIDIA(0): BenQ G2220HD (DFP-0): Internal Dual Link TMDS
[ 80984.502] (--) NVIDIA(0): BenQ G2220HD (DFP-1): 165.0 MHz maximum pixel clock
[ 80984.502] (--) NVIDIA(0): BenQ G2220HD (DFP-1): Internal Single Link TMDS
[ 80984.502] (**) NVIDIA(0): Using HorizSync/VertRefresh ranges from the EDID for display
[ 80984.502] (**) NVIDIA(0):     device BenQ G2220HD (DFP-0) (Using EDID frequencies has
[ 80984.502] (**) NVIDIA(0):     been enabled on all display devices.)
[ 80984.502] (**) NVIDIA(0): Using HorizSync/VertRefresh ranges from the EDID for display
[ 80984.502] (**) NVIDIA(0):     device BenQ G2220HD (DFP-1) (Using EDID frequencies has
[ 80984.502] (**) NVIDIA(0):     been enabled on all display devices.)
[ 80984.502] (WW) NVIDIA(0): No valid modes for
[ 80984.502] (WW) NVIDIA(0):     "DFP-0:1080x1920_60.00,DFP-1:1080x1920_60.00"; removing.
[ 80984.502] (WW) NVIDIA(0): 
[ 80984.502] (WW) NVIDIA(0): Unable to validate any modes; falling back to the default mode
[ 80984.502] (WW) NVIDIA(0):     "nvidia-auto-select".
[ 80984.502] (WW) NVIDIA(0): 
[ 80984.502] (II) NVIDIA(0): Validated MetaModes:
[ 80984.502] (II) NVIDIA(0):     "DFP-0:nvidia-auto-select,DFP-1:nvidia-auto-select"
[ 80984.502] (**) NVIDIA(0): Virtual screen size configured to be 3240 x 1920
[ 80984.502] (WW) NVIDIA(0): Mode "DFP-0:nvidia-auto-select,DFP-1:nvidia-auto-select" is
[ 80984.502] (WW) NVIDIA(0):     larger than virtual size 3240 x 1920; discarding mode
[ 80984.502] (EE) NVIDIA(0): Failure to construct a valid MetaMode list: no MetaModes
[ 80984.502] (EE) NVIDIA(0):     remaining.
[ 80984.502] (EE) NVIDIA(0):  *** Aborting ***
[ 80984.502] (EE) NVIDIA(0): Failing initialization of X screen 0
[ 80984.892] (II) UnloadModule: "nvidia"
[ 80984.892] (II) Unloading nvidia
[ 80984.892] (II) UnloadModule: "wfb"
[ 80984.892] (II) Unloading wfb
[ 80984.892] (II) UnloadModule: "fb"
[ 80984.892] (II) Unloading fb
[ 80984.892] (EE) Screen(s) found, but none have a usable configuration.
[ 80984.892] 
Fatal server error:
[ 80984.892] no screens found
[ 80984.892] 
Please consult the Scientific Linux support 
	 at https://www.scientificlinux.org/maillists
 for help. 
[ 80984.892] Please also check the log file at "/var/log/Xorg.0.log" for additional information.
[ 80984.892] 
